<?xml version="1.0" encoding="utf-8"?>
<test-run id="2" name="testapp2.exe" fullname="C:/Users/сюда нажимать/Desktop/Домашняя работа/C#Proekti/testapp2/testapp2/bin/Debug/testapp2.exe" testcasecount="3" result="Failed" start-time="2021-07-20T08:17:55.4707416Z" end-time="2021-07-20T08:17:55.6481588Z" duration="0.177680" total="3" passed="2" failed="1" inconclusive="0" skipped="0" warnings="0" asserts="3" random-seed="547466347">
  <command-line><![CDATA["C:\Users\сюда нажимать\Desktop\Домашняя работа\C#Proekti\testapp2\testapp2\bin\Debug\testapp2.exe"   ]]></command-line>
  <filter />
  <test-suite type="Assembly" id="1004" name="testapp2.exe" fullname="C:/Users/сюда нажимать/Desktop/Домашняя работа/C#Proekti/testapp2/testapp2/bin/Debug/testapp2.exe" runstate="Runnable" testcasecount="3" result="Failed" site="Child" start-time="2021-07-20T08:17:55.4707416Z" end-time="2021-07-20T08:17:55.6481588Z" duration="0.177680" total="3" passed="2" failed="1" warnings="0" inconclusive="0" skipped="0" asserts="3">
    <environment framework-version="3.13.2.0" clr-version="4.0.30319.42000" os-version="Microsoft Windows NT 10.0.18363" platform="Win32NT" cwd="C:\Users\сюда нажимать\Desktop\Домашняя работа\C#Proekti\testapp2\testapp2\bin\Debug" machine-name="HOME-PC" user="сюда нажимать" user-domain="home-pc" culture="ru-RU" uiculture="ru-RU" os-architecture="x86" />
    <settings>
      <setting name="WorkDirectory" value="C:\Users\сюда нажимать\Desktop\Домашняя работа\C#Proekti\testapp2\testapp2\bin\Debug" />
      <setting name="NumberOfTestWorkers" value="8" />
    </settings>
    <properties>
      <property name="_PID" value="13828" />
      <property name="_APPDOMAIN" value="testapp2.exe" />
    </properties>
    <failure>
      <message><![CDATA[One or more child tests had errors]]></message>
    </failure>
    <test-suite type="TestSuite" id="1005" name="testapp2" fullname="testapp2" runstate="Runnable" testcasecount="3" result="Failed" site="Child" start-time="2021-07-20T08:17:55.4757085Z" end-time="2021-07-20T08:17:55.6481588Z" duration="0.172365" total="3" passed="2" failed="1" warnings="0" inconclusive="0" skipped="0" asserts="3">
      <failure>
        <message><![CDATA[One or more child tests had errors]]></message>
      </failure>
      <test-suite type="TestFixture" id="1000" name="Tests" fullname="testapp2.Tests" classname="testapp2.Tests" runstate="Runnable" testcasecount="3" result="Failed" site="Child" start-time="2021-07-20T08:17:55.4767069Z" end-time="2021-07-20T08:17:55.6481588Z" duration="0.170672" total="3" passed="2" failed="1" warnings="0" inconclusive="0" skipped="0" asserts="3">
        <failure>
          <message><![CDATA[One or more child tests had errors]]></message>
        </failure>
        <test-case id="1003" name="ChannelsCount" fullname="testapp2.Tests.ChannelsCount" methodname="ChannelsCount" classname="testapp2.Tests" runstate="Runnable" seed="1883178453" result="Failed" start-time="2021-07-20T08:17:55.4787001Z" end-time="2021-07-20T08:17:55.6051194Z" duration="0.126348" asserts="1">
          <failure>
            <message><![CDATA[  Expected: greater than or equal to 6
  But was:  5
]]></message>
            <stack-trace><![CDATA[   в testapp2.Tests.ChannelsCount() в C:\Users\сюда нажимать\Desktop\Домашняя работа\C#Proekti\testapp2\testapp2\Program.cs:строка 68
]]></stack-trace>
          </failure>
          <assertions>
            <assertion result="Failed">
              <message><![CDATA[  Expected: greater than or equal to 6
  But was:  5
]]></message>
              <stack-trace><![CDATA[   в testapp2.Tests.ChannelsCount() в C:\Users\сюда нажимать\Desktop\Домашняя работа\C#Proekti\testapp2\testapp2\Program.cs:строка 68
]]></stack-trace>
            </assertion>
          </assertions>
        </test-case>
        <test-case id="1002" name="CompareTimeJson" fullname="testapp2.Tests.CompareTimeJson" methodname="CompareTimeJson" classname="testapp2.Tests" runstate="Runnable" seed="1844808146" result="Passed" start-time="2021-07-20T08:17:55.6071139Z" end-time="2021-07-20T08:17:55.6420213Z" duration="0.034919" asserts="1" />
        <test-case id="1001" name="CompareTimeXml" fullname="testapp2.Tests.CompareTimeXml" methodname="CompareTimeXml" classname="testapp2.Tests" runstate="Runnable" seed="2082101552" result="Passed" start-time="2021-07-20T08:17:55.6420213Z" end-time="2021-07-20T08:17:55.6471600Z" duration="0.005107" asserts="1" />
      </test-suite>
    </test-suite>
  </test-suite>
</test-run>